Assembler report for eindopdracht
<<<<<<< Updated upstream
<<<<<<< Updated upstream
Wed Jan 15 16:19:09 2025
Quartus Prime Version 23.1std.1 Build 993 05/14/2024 SC Lite Edition
=======
Fri Jan 24 10:55:26 2025
Quartus Prime Version 19.1.0 Build 670 09/22/2019 SJ Lite Edition
>>>>>>> Stashed changes
=======
Fri Jan 24 10:55:26 2025
Quartus Prime Version 19.1.0 Build 670 09/22/2019 SJ Lite Edition
>>>>>>> Stashed changes


---------------------
; Table of Contents ;
---------------------
  1. Legal Notice
  2. Assembler Summary
  3. Assembler Settings
  4. Assembler Generated Files
<<<<<<< Updated upstream
<<<<<<< Updated upstream
  5. Assembler Device Options: C:/Users/Rende/Documents/GitHub/HVA-DO/quartus docs/output_files/eindopdracht.sof
=======
  5. Assembler Device Options: C:/Users/lucas/OneDrive/Documenten/GitHub/HVA-DO/quartus docs/output_files/eindopdracht.sof
>>>>>>> Stashed changes
=======
  5. Assembler Device Options: C:/Users/lucas/OneDrive/Documenten/GitHub/HVA-DO/quartus docs/output_files/eindopdracht.sof
>>>>>>> Stashed changes
  6. Assembler Messages



----------------
; Legal Notice ;
----------------
<<<<<<< Updated upstream
<<<<<<< Updated upstream
Copyright (C) 2024  Intel Corporation. All rights reserved.
=======
Copyright (C) 2019  Intel Corporation. All rights reserved.
>>>>>>> Stashed changes
=======
Copyright (C) 2019  Intel Corporation. All rights reserved.
>>>>>>> Stashed changes
Your use of Intel Corporation's design tools, logic functions 
and other software and tools, and any partner logic 
functions, and any output files from any of the foregoing 
(including device programming or simulation files), and any 
associated documentation or information are expressly subject 
to the terms and conditions of the Intel Program License 
Subscription Agreement, the Intel Quartus Prime License Agreement,
the Intel FPGA IP License Agreement, or other applicable license
agreement, including, without limitation, that your use is for
the sole purpose of programming logic devices manufactured by
Intel and sold by Intel or its authorized distributors.  Please
refer to the applicable agreement for further details, at
https://fpgasoftware.intel.com/eula.



+---------------------------------------------------------------+
; Assembler Summary                                             ;
+-----------------------+---------------------------------------+
<<<<<<< Updated upstream
<<<<<<< Updated upstream
; Assembler Status      ; Successful - Wed Jan 15 16:19:09 2025 ;
; Revision Name         ; eindopdracht                          ;
; Top-level Entity Name ; NBitReg                               ;
=======
; Assembler Status      ; Successful - Fri Jan 24 10:55:26 2025 ;
; Revision Name         ; eindopdracht                          ;
; Top-level Entity Name ; input_handler                         ;
>>>>>>> Stashed changes
=======
; Assembler Status      ; Successful - Fri Jan 24 10:55:26 2025 ;
; Revision Name         ; eindopdracht                          ;
; Top-level Entity Name ; input_handler                         ;
>>>>>>> Stashed changes
; Family                ; Cyclone IV E                          ;
; Device                ; EP4CE22F17C6                          ;
+-----------------------+---------------------------------------+


+----------------------------------+
; Assembler Settings               ;
+--------+---------+---------------+
; Option ; Setting ; Default Value ;
+--------+---------+---------------+


<<<<<<< Updated upstream
<<<<<<< Updated upstream
+-----------------------------------------------------------------------------------+
; Assembler Generated Files                                                         ;
+-----------------------------------------------------------------------------------+
; File Name                                                                         ;
+-----------------------------------------------------------------------------------+
; C:/Users/Rende/Documents/GitHub/HVA-DO/quartus docs/output_files/eindopdracht.sof ;
+-----------------------------------------------------------------------------------+


+-------------------------------------------------------------------------------------------------------------+
; Assembler Device Options: C:/Users/Rende/Documents/GitHub/HVA-DO/quartus docs/output_files/eindopdracht.sof ;
+----------------+--------------------------------------------------------------------------------------------+
; Option         ; Setting                                                                                    ;
+----------------+--------------------------------------------------------------------------------------------+
; JTAG usercode  ; 0x00135BE3                                                                                 ;
; Checksum       ; 0x00135BE3                                                                                 ;
+----------------+--------------------------------------------------------------------------------------------+
=======
=======
>>>>>>> Stashed changes
+---------------------------------------------------------------------------------------------+
; Assembler Generated Files                                                                   ;
+---------------------------------------------------------------------------------------------+
; File Name                                                                                   ;
+---------------------------------------------------------------------------------------------+
; C:/Users/lucas/OneDrive/Documenten/GitHub/HVA-DO/quartus docs/output_files/eindopdracht.sof ;
+---------------------------------------------------------------------------------------------+


+-----------------------------------------------------------------------------------------------------------------------+
; Assembler Device Options: C:/Users/lucas/OneDrive/Documenten/GitHub/HVA-DO/quartus docs/output_files/eindopdracht.sof ;
+----------------+------------------------------------------------------------------------------------------------------+
; Option         ; Setting                                                                                              ;
+----------------+------------------------------------------------------------------------------------------------------+
; JTAG usercode  ; 0x00137D7B                                                                                           ;
; Checksum       ; 0x00137D7B                                                                                           ;
+----------------+------------------------------------------------------------------------------------------------------+
<<<<<<< Updated upstream
>>>>>>> Stashed changes
=======
>>>>>>> Stashed changes


+--------------------+
; Assembler Messages ;
+--------------------+
Info: *******************************************************************
Info: Running Quartus Prime Assembler
<<<<<<< Updated upstream
<<<<<<< Updated upstream
    Info: Version 23.1std.1 Build 993 05/14/2024 SC Lite Edition
    Info: Processing started: Wed Jan 15 16:19:08 2025
=======
    Info: Version 19.1.0 Build 670 09/22/2019 SJ Lite Edition
    Info: Processing started: Fri Jan 24 10:55:24 2025
>>>>>>> Stashed changes
=======
    Info: Version 19.1.0 Build 670 09/22/2019 SJ Lite Edition
    Info: Processing started: Fri Jan 24 10:55:24 2025
>>>>>>> Stashed changes
Info: Command: quartus_asm --read_settings_files=off --write_settings_files=off eindopdracht -c eindopdracht
Warning (18236): Number of processors has not been specified which may cause overloading on shared machines.  Set the global assignment NUM_PARALLEL_PROCESSORS in your QSF to an appropriate value for best performance.
Info (115031): Writing out detailed assembly data for power analysis
Info (115030): Assembler is generating device programming files
Info: Quartus Prime Assembler was successful. 0 errors, 1 warning
<<<<<<< Updated upstream
<<<<<<< Updated upstream
    Info: Peak virtual memory: 4704 megabytes
    Info: Processing ended: Wed Jan 15 16:19:09 2025
    Info: Elapsed time: 00:00:01
=======
    Info: Peak virtual memory: 4686 megabytes
    Info: Processing ended: Fri Jan 24 10:55:26 2025
    Info: Elapsed time: 00:00:02
>>>>>>> Stashed changes
=======
    Info: Peak virtual memory: 4686 megabytes
    Info: Processing ended: Fri Jan 24 10:55:26 2025
    Info: Elapsed time: 00:00:02
>>>>>>> Stashed changes
    Info: Total CPU time (on all processors): 00:00:01


